<?xml version="1.0" encoding="UTF-8"?>
<testng-results skipped="0" failed="0" total="1" passed="1">
  <reporter-output>
  </reporter-output>
  <suite name="Default suite" duration-ms="85156" started-at="2019-03-28T06:36:09Z" finished-at="2019-03-28T06:37:34Z">
    <groups>
    </groups>
    <test name="Default test" duration-ms="85156" started-at="2019-03-28T06:36:09Z" finished-at="2019-03-28T06:37:34Z">
      <class name="test.TC01">
        <test-method status="PASS" signature="login()[pri:0, instance:test.TC01@1bc7afb]" name="login" duration-ms="85137" started-at="2019-03-28T12:06:09Z" finished-at="2019-03-28T12:07:34Z">
          <reporter-output>
          </reporter-output>
        </test-method> <!-- login -->
      </class> <!-- test.TC01 -->
    </test> <!-- Default test -->
  </suite> <!-- Default suite -->
</testng-results>
